<?xml version="1.0" encoding="UTF-8"?>
<testng-results total="1" passed="1" failed="0" skipped="0">
  <reporter-output>
  </reporter-output>
  <suite started-at="2019-08-21T22:10:58Z" name="Default suite" finished-at="2019-08-21T22:11:02Z" duration-ms="4264">
    <groups>
    </groups>
    <test started-at="2019-08-21T22:10:58Z" name="Default test" finished-at="2019-08-21T22:11:02Z" duration-ms="4264">
      <class name="com.platform.project.tests.HomePage">
        <test-method is-config="true" signature="openHomePage()[pri:0, instance:com.platform.project.tests.HomePage@1b083826]" started-at="2019-08-21T15:10:58Z" name="openHomePage" finished-at="2019-08-21T15:11:00Z" duration-ms="2315" status="PASS">
          <reporter-output>
          </reporter-output>
        </test-method> <!-- openHomePage -->
        <test-method signature="verifyLogIn()[pri:0, instance:com.platform.project.tests.HomePage@1b083826]" started-at="2019-08-21T15:11:00Z" name="verifyLogIn" finished-at="2019-08-21T15:11:02Z" duration-ms="1837" status="PASS">
          <reporter-output>
          </reporter-output>
        </test-method> <!-- verifyLogIn -->
        <test-method is-config="true" signature="closeBrowser()[pri:0, instance:com.platform.project.tests.HomePage@1b083826]" started-at="2019-08-21T15:11:02Z" name="closeBrowser" finished-at="2019-08-21T15:11:02Z" duration-ms="85" status="PASS">
          <reporter-output>
          </reporter-output>
        </test-method> <!-- closeBrowser -->
      </class> <!-- com.platform.project.tests.HomePage -->
    </test> <!-- Default test -->
  </suite> <!-- Default suite -->
</testng-results>
